<?xml version="1.0" encoding="UTF-8"?>
<testsuite xmlns:xsi="http://www.w3.org/2001/XMLSchema-instance" xsi:noNamespaceSchemaLocation="https://maven.apache.org/surefire/maven-surefire-plugin/xsd/surefire-test-report-3.0.xsd" version="3.0" name="spotify.spring_spotify.SpringSpotifyApplicationTests" time="1.5" tests="1" errors="0" skipped="0" failures="0">
  <properties>
[...]
</properties>
  <testcase name="contextLoads" classname="spotify.spring_spotify.SpringSpotifyApplicationTests" time="0.013">
    <system-out><![CDATA[2024-12-15T20:46:48.455+07:00  INFO 19756 --- [spring_spotify] [           main] t.c.s.AnnotationConfigContextLoaderUtils : Could not detect default configuration classes for test class [spotify.spring_spotify.SpringSpotifyApplicationTests]: SpringSpotifyApplicationTests does not declare any static, non-private, non-final, nested classes annotated with @Configuration.
2024-12-15T20:46:48.457+07:00  INFO 19756 --- [spring_spotify] [           main] .b.t.c.SpringBootTestContextBootstrapper : Found @SpringBootConfiguration spotify.spring_spotify.SpringSpotifyApplication for test class spotify.spring_spotify.SpringSpotifyApplicationTests
2024-12-15T20:46:48.462+07:00  INFO 19756 --- [spring_spotify] [           main] o.s.b.d.r.RestartApplicationListener     : Restart disabled due to context in which it is running

  .   ____          _            __ _ _
 /\\ / ___'_ __ _ _(_)_ __  __ _ \ \ \ \
( ( )\___ | '_ | '_| | '_ \/ _` | \ \ \ \
 \\/  ___)| |_)| | | | | || (_| |  ) ) ) )
  '  |____| .__|_| |_|_| |_\__, | / / / /
 =========|_|==============|___/=/_/_/_/

 :: Spring Boot ::                (v3.3.5)

2024-12-15T20:46:48.479+07:00  INFO 19756 --- [spring_spotify] [           main] s.s.SpringSpotifyApplicationTests        : Starting SpringSpotifyApplicationTests using Java 17.0.12 with PID 19756 (started by PC in D:\WorkSpace\Code\Spring\Spring_Spotify)
2024-12-15T20:46:48.479+07:00  INFO 19756 --- [spring_spotify] [           main] s.s.SpringSpotifyApplicationTests        : The following 1 profile is active: "local"
2024-12-15T20:46:48.653+07:00  INFO 19756 --- [spring_spotify] [           main] .s.d.r.c.RepositoryConfigurationDelegate : Multiple Spring Data modules found, entering strict repository configuration mode
2024-12-15T20:46:48.653+07:00  INFO 19756 --- [spring_spotify] [           main] .s.d.r.c.RepositoryConfigurationDelegate : Bootstrapping Spring Data JDBC repositories in DEFAULT mode.
2024-12-15T20:46:48.659+07:00  INFO 19756 --- [spring_spotify] [           main] .RepositoryConfigurationExtensionSupport : Spring Data JDBC - Could not safely identify store assignment for repository candidate interface spotify.spring_spotify.repository.AlbumRepository; If you want this repository to be a JDBC repository, consider annotating your entities with one of these annotations: org.springframework.data.relational.core.mapping.Table.
2024-12-15T20:46:48.659+07:00  INFO 19756 --- [spring_spotify] [           main] .RepositoryConfigurationExtensionSupport : Spring Data JDBC - Could not safely identify store assignment for repository candidate interface spotify.spring_spotify.repository.ArtistRepository; If you want this repository to be a JDBC repository, consider annotating your entities with one of these annotations: org.springframework.data.relational.core.mapping.Table.
2024-12-15T20:46:48.659+07:00  INFO 19756 --- [spring_spotify] [           main] .RepositoryConfigurationExtensionSupport : Spring Data JDBC - Could not safely identify store assignment for repository candidate interface spotify.spring_spotify.repository.GenreRepository; If you want this repository to be a JDBC repository, consider annotating your entities with one of these annotations: org.springframework.data.relational.core.mapping.Table.
2024-12-15T20:46:48.659+07:00  INFO 19756 --- [spring_spotify] [           main] .RepositoryConfigurationExtensionSupport : Spring Data JDBC - Could not safely identify store assignment for repository candidate interface spotify.spring_spotify.repository.InvalidatedRepository; If you want this repository to be a JDBC repository, consider annotating your entities with one of these annotations: org.springframework.data.relational.core.mapping.Table.
2024-12-15T20:46:48.659+07:00  INFO 19756 --- [spring_spotify] [           main] .RepositoryConfigurationExtensionSupport : Spring Data JDBC - Could not safely identify store assignment for repository candidate interface spotify.spring_spotify.repository.PermissionRepository; If you want this repository to be a JDBC repository, consider annotating your entities with one of these annotations: org.springframework.data.relational.core.mapping.Table.
2024-12-15T20:46:48.659+07:00  INFO 19756 --- [spring_spotify] [           main] .RepositoryConfigurationExtensionSupport : Spring Data JDBC - Could not safely identify store assignment for repository candidate interface spotify.spring_spotify.repository.PlaylistRepository; If you want this repository to be a JDBC repository, consider annotating your entities with one of these annotations: org.springframework.data.relational.core.mapping.Table.
2024-12-15T20:46:48.659+07:00  INFO 19756 --- [spring_spotify] [           main] .RepositoryConfigurationExtensionSupport : Spring Data JDBC - Could not safely identify store assignment for repository candidate interface spotify.spring_spotify.repository.RoleRepository; If you want this repository to be a JDBC repository, consider annotating your entities with one of these annotations: org.springframework.data.relational.core.mapping.Table.
2024-12-15T20:46:48.659+07:00  INFO 19756 --- [spring_spotify] [           main] .RepositoryConfigurationExtensionSupport : Spring Data JDBC - Could not safely identify store assignment for repository candidate interface spotify.spring_spotify.repository.SongRepository; If you want this repository to be a JDBC repository, consider annotating your entities with one of these annotations: org.springframework.data.relational.core.mapping.Table.
2024-12-15T20:46:48.659+07:00  INFO 19756 --- [spring_spotify] [           main] .RepositoryConfigurationExtensionSupport : Spring Data JDBC - Could not safely identify store assignment for repository candidate interface spotify.spring_spotify.repository.UserRepository; If you want this repository to be a JDBC repository, consider annotating your entities with one of these annotations: org.springframework.data.relational.core.mapping.Table.
2024-12-15T20:46:48.659+07:00  INFO 19756 --- [spring_spotify] [           main] .RepositoryConfigurationExtensionSupport : Spring Data JDBC - Could not safely identify store assignment for repository candidate interface spotify.spring_spotify.repository.VerificationCodeRepository; If you want this repository to be a JDBC repository, consider annotating your entities with one of these annotations: org.springframework.data.relational.core.mapping.Table.
2024-12-15T20:46:48.659+07:00  INFO 19756 --- [spring_spotify] [           main] .s.d.r.c.RepositoryConfigurationDelegate : Finished Spring Data repository scanning in 7 ms. Found 0 JDBC repository interfaces.
2024-12-15T20:46:48.659+07:00  INFO 19756 --- [spring_spotify] [           main] .s.d.r.c.RepositoryConfigurationDelegate : Multiple Spring Data modules found, entering strict repository configuration mode
2024-12-15T20:46:48.659+07:00  INFO 19756 --- [spring_spotify] [           main] .s.d.r.c.RepositoryConfigurationDelegate : Bootstrapping Spring Data JPA repositories in DEFAULT mode.
2024-12-15T20:46:48.678+07:00  INFO 19756 --- [spring_spotify] [           main] .s.d.r.c.RepositoryConfigurationDelegate : Finished Spring Data repository scanning in 15 ms. Found 10 JPA repository interfaces.
2024-12-15T20:46:48.749+07:00  INFO 19756 --- [spring_spotify] [           main] com.zaxxer.hikari.HikariDataSource       : HikariPool-3 - Starting...
2024-12-15T20:46:49.012+07:00  INFO 19756 --- [spring_spotify] [           main] com.zaxxer.hikari.pool.HikariPool        : HikariPool-3 - Added connection com.mysql.cj.jdbc.ConnectionImpl@18d28cf6
2024-12-15T20:46:49.012+07:00  INFO 19756 --- [spring_spotify] [           main] com.zaxxer.hikari.HikariDataSource       : HikariPool-3 - Start completed.
2024-12-15T20:46:49.039+07:00  INFO 19756 --- [spring_spotify] [           main] org.flywaydb.core.FlywayExecutor         : Database: jdbc:mysql://localhost:3306/spotify (MySQL 8.4)
2024-12-15T20:46:49.049+07:00  WARN 19756 --- [spring_spotify] [           main] o.f.c.internal.database.base.Database    : Flyway upgrade recommended: MySQL 8.4 is newer than this version of Flyway and support has not been tested. The latest supported version of MySQL is 8.1.
2024-12-15T20:46:49.070+07:00  INFO 19756 --- [spring_spotify] [           main] o.f.core.internal.command.DbValidate     : Successfully validated 0 migrations (execution time 00:00.011s)
2024-12-15T20:46:49.070+07:00  WARN 19756 --- [spring_spotify] [           main] o.f.core.internal.command.DbValidate     : No migrations found. Are your locations set up correctly?
2024-12-15T20:46:49.080+07:00  INFO 19756 --- [spring_spotify] [           main] o.f.core.internal.command.DbMigrate      : Current version of schema `spotify`: << Empty Schema >>
2024-12-15T20:46:49.080+07:00  INFO 19756 --- [spring_spotify] [           main] o.f.core.internal.command.DbMigrate      : Schema `spotify` is up to date. No migration necessary.
2024-12-15T20:46:49.090+07:00  INFO 19756 --- [spring_spotify] [           main] o.hibernate.jpa.internal.util.LogHelper  : HHH000204: Processing PersistenceUnitInfo [name: default]
2024-12-15T20:46:49.090+07:00  INFO 19756 --- [spring_spotify] [           main] o.h.c.internal.RegionFactoryInitiator    : HHH000026: Second-level cache disabled
2024-12-15T20:46:49.103+07:00  INFO 19756 --- [spring_spotify] [           main] o.s.o.j.p.SpringPersistenceUnitInfo      : No LoadTimeWeaver setup: ignoring JPA class transformer
2024-12-15T20:46:49.303+07:00  INFO 19756 --- [spring_spotify] [           main] o.h.e.t.j.p.i.JtaPlatformInitiator       : HHH000489: No JTA platform available (set 'hibernate.transaction.jta.platform' to enable JTA platform integration)
2024-12-15T20:46:49.410+07:00  INFO 19756 --- [spring_spotify] [           main] j.LocalContainerEntityManagerFactoryBean : Initialized JPA EntityManagerFactory for persistence unit 'default'
2024-12-15T20:46:49.552+07:00  INFO 19756 --- [spring_spotify] [           main] s.s.configuration.ApplicationInitConfig  : Init applicaion....
2024-12-15T20:46:49.577+07:00  WARN 19756 --- [spring_spotify] [           main] JpaBaseConfiguration$JpaWebConfiguration : spring.jpa.open-in-view is enabled by default. Therefore, database queries may be performed during view rendering. Explicitly configure spring.jpa.open-in-view to disable this warning
2024-12-15T20:46:49.600+07:00  INFO 19756 --- [spring_spotify] [           main] o.s.b.a.w.s.WelcomePageHandlerMapping    : Adding welcome page template: index
2024-12-15T20:46:49.792+07:00  INFO 19756 --- [spring_spotify] [           main] s.s.SpringSpotifyApplicationTests        : Started SpringSpotifyApplicationTests in 1.33 seconds (process running for 15.174)
]]></system-out>
  </testcase>
</testsuite>