<?xml version="1.0" encoding="UTF-8"?>
<testsuite xmlns:xsi="http://www.w3.org/2001/XMLSchema-instance" xsi:noNamespaceSchemaLocation="https://maven.apache.org/surefire/maven-surefire-plugin/xsd/surefire-test-report-3.0.xsd" version="3.0" name="spotify.spring_spotify.controller.AuthControllerTest" time="11.221" tests="3" errors="0" skipped="0" failures="0">
  <properties>
[...]
</properties>
  <testcase name="createUser_nameInvalid_fail" classname="spotify.spring_spotify.controller.AuthControllerTest" time="0.213">
    <system-out><![CDATA[20:46:35.943 [main] INFO org.springframework.test.context.support.AnnotationConfigContextLoaderUtils -- Could not detect default configuration classes for test class [spotify.spring_spotify.controller.AuthControllerTest]: AuthControllerTest does not declare any static, non-private, non-final, nested classes annotated with @Configuration.
20:46:36.248 [main] INFO org.springframework.boot.test.context.SpringBootTestContextBootstrapper -- Found @SpringBootConfiguration spotify.spring_spotify.SpringSpotifyApplication for test class spotify.spring_spotify.controller.AuthControllerTest
20:46:36.605 [main] INFO org.springframework.boot.devtools.restart.RestartApplicationListener -- Restart disabled due to context in which it is running

  .   ____          _            __ _ _
 /\\ / ___'_ __ _ _(_)_ __  __ _ \ \ \ \
( ( )\___ | '_ | '_| | '_ \/ _` | \ \ \ \
 \\/  ___)| |_)| | | | | || (_| |  ) ) ) )
  '  |____| .__|_| |_|_| |_\__, | / / / /
 =========|_|==============|___/=/_/_/_/

 :: Spring Boot ::                (v3.3.5)

2024-12-15T20:46:36.986+07:00  INFO 19756 --- [spring_spotify] [           main] s.s.controller.AuthControllerTest        : Starting AuthControllerTest using Java 17.0.12 with PID 19756 (started by PC in D:\WorkSpace\Code\Spring\Spring_Spotify)
2024-12-15T20:46:36.992+07:00  INFO 19756 --- [spring_spotify] [           main] s.s.controller.AuthControllerTest        : The following 1 profile is active: "local"
2024-12-15T20:46:38.249+07:00  INFO 19756 --- [spring_spotify] [           main] .s.d.r.c.RepositoryConfigurationDelegate : Multiple Spring Data modules found, entering strict repository configuration mode
2024-12-15T20:46:38.253+07:00  INFO 19756 --- [spring_spotify] [           main] .s.d.r.c.RepositoryConfigurationDelegate : Bootstrapping Spring Data JDBC repositories in DEFAULT mode.
2024-12-15T20:46:38.313+07:00  INFO 19756 --- [spring_spotify] [           main] .RepositoryConfigurationExtensionSupport : Spring Data JDBC - Could not safely identify store assignment for repository candidate interface spotify.spring_spotify.repository.AlbumRepository; If you want this repository to be a JDBC repository, consider annotating your entities with one of these annotations: org.springframework.data.relational.core.mapping.Table.
2024-12-15T20:46:38.313+07:00  INFO 19756 --- [spring_spotify] [           main] .RepositoryConfigurationExtensionSupport : Spring Data JDBC - Could not safely identify store assignment for repository candidate interface spotify.spring_spotify.repository.ArtistRepository; If you want this repository to be a JDBC repository, consider annotating your entities with one of these annotations: org.springframework.data.relational.core.mapping.Table.
2024-12-15T20:46:38.313+07:00  INFO 19756 --- [spring_spotify] [           main] .RepositoryConfigurationExtensionSupport : Spring Data JDBC - Could not safely identify store assignment for repository candidate interface spotify.spring_spotify.repository.GenreRepository; If you want this repository to be a JDBC repository, consider annotating your entities with one of these annotations: org.springframework.data.relational.core.mapping.Table.
2024-12-15T20:46:38.321+07:00  INFO 19756 --- [spring_spotify] [           main] .RepositoryConfigurationExtensionSupport : Spring Data JDBC - Could not safely identify store assignment for repository candidate interface spotify.spring_spotify.repository.InvalidatedRepository; If you want this repository to be a JDBC repository, consider annotating your entities with one of these annotations: org.springframework.data.relational.core.mapping.Table.
2024-12-15T20:46:38.322+07:00  INFO 19756 --- [spring_spotify] [           main] .RepositoryConfigurationExtensionSupport : Spring Data JDBC - Could not safely identify store assignment for repository candidate interface spotify.spring_spotify.repository.PermissionRepository; If you want this repository to be a JDBC repository, consider annotating your entities with one of these annotations: org.springframework.data.relational.core.mapping.Table.
2024-12-15T20:46:38.326+07:00  INFO 19756 --- [spring_spotify] [           main] .RepositoryConfigurationExtensionSupport : Spring Data JDBC - Could not safely identify store assignment for repository candidate interface spotify.spring_spotify.repository.PlaylistRepository; If you want this repository to be a JDBC repository, consider annotating your entities with one of these annotations: org.springframework.data.relational.core.mapping.Table.
2024-12-15T20:46:38.328+07:00  INFO 19756 --- [spring_spotify] [           main] .RepositoryConfigurationExtensionSupport : Spring Data JDBC - Could not safely identify store assignment for repository candidate interface spotify.spring_spotify.repository.RoleRepository; If you want this repository to be a JDBC repository, consider annotating your entities with one of these annotations: org.springframework.data.relational.core.mapping.Table.
2024-12-15T20:46:38.328+07:00  INFO 19756 --- [spring_spotify] [           main] .RepositoryConfigurationExtensionSupport : Spring Data JDBC - Could not safely identify store assignment for repository candidate interface spotify.spring_spotify.repository.SongRepository; If you want this repository to be a JDBC repository, consider annotating your entities with one of these annotations: org.springframework.data.relational.core.mapping.Table.
2024-12-15T20:46:38.337+07:00  INFO 19756 --- [spring_spotify] [           main] .RepositoryConfigurationExtensionSupport : Spring Data JDBC - Could not safely identify store assignment for repository candidate interface spotify.spring_spotify.repository.UserRepository; If you want this repository to be a JDBC repository, consider annotating your entities with one of these annotations: org.springframework.data.relational.core.mapping.Table.
2024-12-15T20:46:38.339+07:00  INFO 19756 --- [spring_spotify] [           main] .RepositoryConfigurationExtensionSupport : Spring Data JDBC - Could not safely identify store assignment for repository candidate interface spotify.spring_spotify.repository.VerificationCodeRepository; If you want this repository to be a JDBC repository, consider annotating your entities with one of these annotations: org.springframework.data.relational.core.mapping.Table.
2024-12-15T20:46:38.342+07:00  INFO 19756 --- [spring_spotify] [           main] .s.d.r.c.RepositoryConfigurationDelegate : Finished Spring Data repository scanning in 79 ms. Found 0 JDBC repository interfaces.
2024-12-15T20:46:38.363+07:00  INFO 19756 --- [spring_spotify] [           main] .s.d.r.c.RepositoryConfigurationDelegate : Multiple Spring Data modules found, entering strict repository configuration mode
2024-12-15T20:46:38.364+07:00  INFO 19756 --- [spring_spotify] [           main] .s.d.r.c.RepositoryConfigurationDelegate : Bootstrapping Spring Data JPA repositories in DEFAULT mode.
2024-12-15T20:46:38.435+07:00  INFO 19756 --- [spring_spotify] [           main] .s.d.r.c.RepositoryConfigurationDelegate : Finished Spring Data repository scanning in 64 ms. Found 10 JPA repository interfaces.
2024-12-15T20:46:40.881+07:00  INFO 19756 --- [spring_spotify] [           main] com.zaxxer.hikari.HikariDataSource       : HikariPool-1 - Starting...
2024-12-15T20:46:41.312+07:00  INFO 19756 --- [spring_spotify] [           main] com.zaxxer.hikari.pool.HikariPool        : HikariPool-1 - Added connection conn0: url=jdbc:h2:mem:testdb user=LEAN2708
2024-12-15T20:46:41.318+07:00  INFO 19756 --- [spring_spotify] [           main] com.zaxxer.hikari.HikariDataSource       : HikariPool-1 - Start completed.
2024-12-15T20:46:41.467+07:00  INFO 19756 --- [spring_spotify] [           main] org.flywaydb.core.FlywayExecutor         : Database: jdbc:h2:mem:testdb (H2 2.2)
2024-12-15T20:46:41.526+07:00  INFO 19756 --- [spring_spotify] [           main] o.f.c.i.s.JdbcTableSchemaHistory         : Schema history table "PUBLIC"."flyway_schema_history" does not exist yet
2024-12-15T20:46:41.530+07:00  INFO 19756 --- [spring_spotify] [           main] o.f.core.internal.command.DbValidate     : Successfully validated 0 migrations (execution time 00:00.018s)
2024-12-15T20:46:41.530+07:00  WARN 19756 --- [spring_spotify] [           main] o.f.core.internal.command.DbValidate     : No migrations found. Are your locations set up correctly?
2024-12-15T20:46:41.550+07:00  INFO 19756 --- [spring_spotify] [           main] o.f.c.i.s.JdbcTableSchemaHistory         : Creating Schema History table "PUBLIC"."flyway_schema_history" ...
2024-12-15T20:46:41.645+07:00  INFO 19756 --- [spring_spotify] [           main] o.f.core.internal.command.DbMigrate      : Current version of schema "PUBLIC": << Empty Schema >>
2024-12-15T20:46:41.649+07:00  INFO 19756 --- [spring_spotify] [           main] o.f.core.internal.command.DbMigrate      : Schema "PUBLIC" is up to date. No migration necessary.
2024-12-15T20:46:41.825+07:00  INFO 19756 --- [spring_spotify] [           main] o.hibernate.jpa.internal.util.LogHelper  : HHH000204: Processing PersistenceUnitInfo [name: default]
2024-12-15T20:46:41.934+07:00  INFO 19756 --- [spring_spotify] [           main] org.hibernate.Version                    : HHH000412: Hibernate ORM core version 6.5.3.Final
2024-12-15T20:46:42.042+07:00  INFO 19756 --- [spring_spotify] [           main] o.h.c.internal.RegionFactoryInitiator    : HHH000026: Second-level cache disabled
2024-12-15T20:46:42.300+07:00  INFO 19756 --- [spring_spotify] [           main] o.s.o.j.p.SpringPersistenceUnitInfo      : No LoadTimeWeaver setup: ignoring JPA class transformer
2024-12-15T20:46:42.396+07:00  WARN 19756 --- [spring_spotify] [           main] org.hibernate.orm.deprecation            : HHH90000025: H2Dialect does not need to be specified explicitly using 'hibernate.dialect' (remove the property setting and it will be selected by default)
2024-12-15T20:46:43.870+07:00  INFO 19756 --- [spring_spotify] [           main] o.h.e.t.j.p.i.JtaPlatformInitiator       : HHH000489: No JTA platform available (set 'hibernate.transaction.jta.platform' to enable JTA platform integration)
2024-12-15T20:46:43.946+07:00  INFO 19756 --- [spring_spotify] [           main] j.LocalContainerEntityManagerFactoryBean : Initialized JPA EntityManagerFactory for persistence unit 'default'
2024-12-15T20:46:45.547+07:00  WARN 19756 --- [spring_spotify] [           main] JpaBaseConfiguration$JpaWebConfiguration : spring.jpa.open-in-view is enabled by default. Therefore, database queries may be performed during view rendering. Explicitly configure spring.jpa.open-in-view to disable this warning
2024-12-15T20:46:45.650+07:00  INFO 19756 --- [spring_spotify] [           main] o.s.b.a.w.s.WelcomePageHandlerMapping    : Adding welcome page template: index
2024-12-15T20:46:46.526+07:00  INFO 19756 --- [spring_spotify] [           main] o.s.b.t.m.w.SpringBootMockServletContext : Initializing Spring TestDispatcherServlet ''
2024-12-15T20:46:46.526+07:00  INFO 19756 --- [spring_spotify] [           main] o.s.t.web.servlet.TestDispatcherServlet  : Initializing Servlet ''
2024-12-15T20:46:46.526+07:00  INFO 19756 --- [spring_spotify] [           main] o.s.t.web.servlet.TestDispatcherServlet  : Completed initialization in 0 ms
2024-12-15T20:46:46.549+07:00  INFO 19756 --- [spring_spotify] [           main] s.s.controller.AuthControllerTest        : Started AuthControllerTest in 9.961 seconds (process running for 11.933)

MockHttpServletRequest:
      HTTP Method = POST
      Request URI = /v1/auth/register
       Parameters = {}
          Headers = [Content-Type:"application/json;charset=UTF-8", Content-Length:"84"]
             Body = {"name":"","email":"lean270804@gmail.com","password":"123456789","dob":"27/08/2004"}
    Session Attrs = {}

Handler:
             Type = spotify.spring_spotify.controller.AuthController
           Method = spotify.spring_spotify.controller.AuthController#register(RegisterRequest)

Async:
    Async started = false
     Async result = null

Resolved Exception:
             Type = org.springframework.web.bind.MethodArgumentNotValidException

ModelAndView:
        View name = null
             View = null
            Model = null

FlashMap:
       Attributes = null

MockHttpServletResponse:
           Status = 400
    Error message = null
          Headers = [Vary:"Origin", "Access-Control-Request-Method", "Access-Control-Request-Headers", Content-Type:"application/json", X-Content-Type-Options:"nosniff", X-XSS-Protection:"0", Cache-Control:"no-cache, no-store, max-age=0, must-revalidate", Pragma:"no-cache", Expires:"0", X-Frame-Options:"DENY"]
     Content type = application/json
             Body = {"code":400,"message":"Name không ???c ?? tr?ng"}
    Forwarded URL = null
   Redirected URL = null
          Cookies = []
]]></system-out>
  </testcase>
  <testcase name="register_validRequest_success" classname="spotify.spring_spotify.controller.AuthControllerTest" time="0.026"/>
  <testcase name="createUser_passwordInvalid_fail" classname="spotify.spring_spotify.controller.AuthControllerTest" time="0.006">
    <system-out><![CDATA[
MockHttpServletRequest:
      HTTP Method = POST
      Request URI = /v1/auth/register
       Parameters = {}
          Headers = [Content-Type:"application/json;charset=UTF-8", Content-Length:"90"]
             Body = {"name":"Lê V?n An","email":"lean270804@gmail.com","password":"1234","dob":"27/08/2004"}
    Session Attrs = {}

Handler:
             Type = spotify.spring_spotify.controller.AuthController
           Method = spotify.spring_spotify.controller.AuthController#register(RegisterRequest)

Async:
    Async started = false
     Async result = null

Resolved Exception:
             Type = org.springframework.web.bind.MethodArgumentNotValidException

ModelAndView:
        View name = null
             View = null
            Model = null

FlashMap:
       Attributes = null

MockHttpServletResponse:
           Status = 400
    Error message = null
          Headers = [Vary:"Origin", "Access-Control-Request-Method", "Access-Control-Request-Headers", Content-Type:"application/json", X-Content-Type-Options:"nosniff", X-XSS-Protection:"0", Cache-Control:"no-cache, no-store, max-age=0, must-revalidate", Pragma:"no-cache", Expires:"0", X-Frame-Options:"DENY"]
     Content type = application/json
             Body = {"code":400,"message":"Password ph?i t? 5 kí t? tr? lên"}
    Forwarded URL = null
   Redirected URL = null
          Cookies = []
]]></system-out>
  </testcase>
</testsuite>